<?xml version="1.0" encoding="utf-8"?><testsuites name="pytest tests"><testsuite name="pytest" errors="0" failures="0" skipped="0" tests="15" time="2.404" timestamp="2026-06-27T13:25:05.447102+00:00" hostname="agent-env-36af99c4-fc88-4b8a-b799-d10d7b3badca"><testcase classname="tests.backend_test.TestAdminLeads" name="test_list_leads_without_token_returns_401" time="0.516" /><testcase classname="tests.backend_test.TestAuth" name="test_login_success" time="0.513" /><testcase classname="tests.backend_test.TestAuth" name="test_login_bad_password" time="0.264" /><testcase classname="tests.backend_test.TestAuth" name="test_login_unknown_email" time="0.231" /><testcase classname="tests.backend_test.TestAdminLeads" name="test_list_leads_returns_list_recent_first" time="0.842" /><testcase classname="tests.backend_test.TestAuth" name="test_me_with_token" time="0.394" /><testcase classname="tests.backend_test.TestAdminLeads" name="test_delete_lead_then_404_on_missing" time="0.202" /><testcase classname="tests.backend_test.TestAuth" name="test_me_without_token_returns_401" time="0.041" /><testcase classname="tests.backend_test.TestLeads" name="test_create_lead_success" time="0.084" /><testcase classname="tests.backend_test.TestLeads" name="test_create_lead_invalid_email_returns_422" time="0.082" /><testcase classname="tests.backend_test.TestAdminLeads" name="test_delete_lead_without_token_returns_401" time="0.046" /><testcase classname="tests.backend_test.TestAdminContent" name="test_put_content_without_token_returns_401" time="0.044" /><testcase classname="tests.backend_test.TestHealth" name="test_root_health" time="0.089" /><testcase classname="tests.backend_test.TestAdminContent" name="test_put_content_updates_and_persists" time="0.177" /><testcase classname="tests.backend_test.TestContent" name="test_get_content_has_all_sections" time="0.045" /></testsuite></testsuites>