<?xml version="1.0" encoding="utf-8"?><testsuites name="pytest tests"><testsuite name="pytest" errors="0" failures="0" skipped="0" tests="7" time="1.379" timestamp="2026-06-27T12:58:55.808699+00:00" hostname="agent-env-36af99c4-fc88-4b8a-b799-d10d7b3badca"><testcase classname="tests.backend_test.TestLeads" name="test_create_lead_success_and_persist" time="0.576" /><testcase classname="tests.backend_test.TestLeadsListing" name="test_list_limits_and_ordering" time="0.486" /><testcase classname="tests.backend_test.TestLeadsListing" name="test_list_limit_out_of_range_returns_400" time="0.083" /><testcase classname="tests.backend_test.TestHealth" name="test_root_health" time="0.041" /><testcase classname="tests.backend_test.TestLeads" name="test_create_lead_invalid_email_returns_422" time="0.089" /><testcase classname="tests.backend_test.TestLeads" name="test_create_lead_missing_email_returns_422" time="0.081" /><testcase classname="tests.backend_test.TestLeads" name="test_create_lead_defaults" time="0.043" /></testsuite></testsuites>